[06:13:39] [main/INFO] [LaunchWrapper]: Loading tweak class name net.minecraftforge.fml.common.launcher.FMLTweaker
[06:13:39] [main/INFO] [LaunchWrapper]: Using primary tweak class name net.minecraftforge.fml.common.launcher.FMLTweaker
[06:13:39] [main/INFO] [LaunchWrapper]: Calling tweak class net.minecraftforge.fml.common.launcher.FMLTweaker
[06:13:39] [main/INFO] [FML]: Forge Mod Loader version 14.23.5.2860 for Minecraft 1.12.2 loading
[06:13:39] [main/INFO] [FML]: Java is OpenJDK 64-Bit Server VM, version 1.8.0_422, running on Linux:amd64:6.6.41-03520-gd3d77f15f842, installed at /home/vidarin/.jdks/azul-1.8.0_422/jre
[06:13:39] [main/ERROR] [FML]: Apache Maven library folder was not in the format expected. Using default libraries directory.
[06:13:39] [main/ERROR] [FML]: Full: /home/vidarin/.gradle/caches/modules-2/files-2.1/org.apache.maven/maven-artifact/3.5.3/7dc72b6d6d8a6dced3d294ed54c2cc3515ade9f4/maven-artifact-3.5.3.jar
[06:13:39] [main/ERROR] [FML]: Trimmed: /home/vidarin/.gradle/caches/modules-2/files-2.1/org.apache.maven/maven-artifact/3.5.3/
[06:13:39] [main/INFO] [FML]: Managed to load a deobfuscated Minecraft name- we are in a deobfuscated environment. Skipping runtime deobfuscation
[06:13:39] [main/INFO] [FML]: Detected deobfuscated environment, loading log configs for colored console logs.
[06:13:39] [main/INFO] [FML]: Ignoring missing certificate for coremod FMLCorePlugin (net.minecraftforge.fml.relauncher.FMLCorePlugin), we are in deobf and it's a forge core plugin
[06:13:39] [main/INFO] [FML]: Ignoring missing certificate for coremod FMLForgePlugin (net.minecraftforge.classloading.FMLForgePlugin), we are in deobf and it's a forge core plugin
[06:13:39] [main/INFO] [FML]: Searching /home/vidarin/IdeaProjects/adminspace/run/./mods for mods
[06:13:39] [main/INFO] [LaunchWrapper]: Loading tweak class name net.minecraftforge.fml.common.launcher.FMLInjectionAndSortingTweaker
[06:13:39] [main/INFO] [LaunchWrapper]: Loading tweak class name net.minecraftforge.fml.common.launcher.FMLDeobfTweaker
[06:13:39] [main/INFO] [LaunchWrapper]: Calling tweak class net.minecraftforge.fml.common.launcher.FMLInjectionAndSortingTweaker
[06:13:39] [main/INFO] [LaunchWrapper]: Calling tweak class net.minecraftforge.fml.common.launcher.FMLInjectionAndSortingTweaker
[06:13:39] [main/INFO] [LaunchWrapper]: Calling tweak class net.minecraftforge.fml.relauncher.CoreModManager$FMLPluginWrapper
[06:13:40] [main/ERROR] [FML]: FML appears to be missing any signature data. This is not a good thing
[06:13:40] [main/INFO] [LaunchWrapper]: Calling tweak class net.minecraftforge.fml.relauncher.CoreModManager$FMLPluginWrapper
[06:13:40] [main/INFO] [LaunchWrapper]: Calling tweak class net.minecraftforge.fml.common.launcher.FMLDeobfTweaker
[06:13:40] [main/INFO] [LaunchWrapper]: Loading tweak class name net.minecraftforge.fml.common.launcher.TerminalTweaker
[06:13:40] [main/INFO] [LaunchWrapper]: Calling tweak class net.minecraftforge.fml.common.launcher.TerminalTweaker
[06:13:40] [main/INFO] [LaunchWrapper]: Launching wrapped minecraft {net.minecraft.client.main.Main}
[06:13:42] [Client thread/INFO] [net.minecraft.client.Minecraft]: Setting user: Player609
